Cron Job
1
'str' object has no attribute 'user'
Mail Service Completed
Cron Job
1
'str' object has no attribute 'user'
Mail Service Completed
Cron Job
1
'str' object has no attribute 'user'
Mail Service Completed
Cron Job
1
'str' object has no attribute 'user'
Mail Service Completed
Cron Job
1
'str' object has no attribute 'user'
Mail Service Completed
Cron Job
1
'str' object has no attribute 'user'
Mail Service Completed
Cron Job
1
'str' object has no attribute 'user'
Mail Service Completed
Cron Job
1
'str' object has no attribute 'user'
Mail Service Completed
Cron Job
1
'str' object has no attribute 'user'
Mail Service Completed
Cron Job
1
'str' object has no attribute 'user'
Mail Service Completed
Cron Job
1
'str' object has no attribute 'user'
Mail Service Completed
Cron Job
1
'str' object has no attribute 'user'
Mail Service Completed
Cron Job
1
'str' object has no attribute 'user'
Mail Service Completed
Cron Job
1
'str' object has no attribute 'user'
Mail Service Completed
Cron Job
1
'str' object has no attribute 'user'
Mail Service Completed
Cron Job
1
'str' object has no attribute 'user'
Mail Service Completed
Cron Job
1
'str' object has no attribute 'user'
Mail Service Completed
Cron Job
1
'str' object has no attribute 'user'
Mail Service Completed
Cron Job
1
'str' object has no attribute 'user'
Mail Service Completed
Cron Job
1
'str' object has no attribute 'user'
Mail Service Completed
Cron Job
1
'str' object has no attribute 'user'
Mail Service Completed
Cron Job
1
'str' object has no attribute 'user'
Mail Service Completed
Cron Job
1
'str' object has no attribute 'user'
Mail Service Completed
Cron Job
1
'str' object has no attribute 'user'
Mail Service Completed
Cron Job
1
Coming to send mail
[('Quiz Result', 'The test you conducted is over check the results at url', 'ctrlaltelitesih2020@gmail.com', ['nk28agra@gmail.com'])]
Coming to send mail
[('Quiz Results', 'aryan your Test Score is 0', 'ctrlaltelitesih2020@gmail.com', ['nk28agra@gmail.com']), ('Quiz Results', 'aryan50 your Test Score is 0', 'ctrlaltelitesih2020@gmail.com', ['be10594.18@bitmesra.ac.in'])]
2
Coming to send mail
[('Quiz Result', 'The test you conducted is over check the results at url', 'ctrlaltelitesih2020@gmail.com', ['nk28agra@gmail.com'])]
4
13
18
20
21
22
Mail Service Completed
